<?xml version="1.0" encoding="UTF-8"?>
<testng-results skipped="0" failed="0" total="1" passed="1">
  <reporter-output>
  </reporter-output>
  <suite name="Default suite" duration-ms="31353" started-at="2019-10-11T11:31:14Z" finished-at="2019-10-11T11:31:45Z">
    <groups>
    </groups>
    <test name="Default test" duration-ms="31353" started-at="2019-10-11T11:31:14Z" finished-at="2019-10-11T11:31:45Z">
      <class name="net.PHPTravel.PHPTravel.TourSearch">
        <test-method status="PASS" signature="ToursSearch()[pri:0, instance:net.PHPTravel.PHPTravel.TourSearch@1593948d]" name="ToursSearch" duration-ms="31317" started-at="2019-10-11T17:01:14Z" finished-at="2019-10-11T17:01:45Z">
          <reporter-output>
          </reporter-output>
        </test-method> <!-- ToursSearch -->
      </class> <!-- net.PHPTravel.PHPTravel.TourSearch -->
    </test> <!-- Default test -->
  </suite> <!-- Default suite -->
</testng-results>
